<?xml version="1.0" encoding="utf-8"?><testsuites name="pytest tests"><testsuite name="pytest" errors="0" failures="0" skipped="0" tests="28" time="4.124" timestamp="2026-04-19T06:07:46.047837+00:00" hostname="agent-env-6cfb12a5-68d4-4351-8d77-74bb2ac56a05"><testcase classname="backend.tests.test_ambyoai_v2_backend.TestRoot" name="test_root_v2_ok" time="0.230" /><testcase classname="backend.tests.test_ambyoai_v2_backend.TestPatientAuth" name="test_request_otp_valid_phone" time="0.051" /><testcase classname="backend.tests.test_ambyoai_v2_backend.TestPatientAuth" name="test_request_otp_invalid[abc]" time="0.045" /><testcase classname="backend.tests.test_ambyoai_v2_backend.TestPatientAuth" name="test_request_otp_invalid[123]" time="0.047" /><testcase classname="backend.tests.test_ambyoai_v2_backend.TestPatientAuth" name="test_request_otp_invalid[12345678901]" time="0.046" /><testcase classname="backend.tests.test_ambyoai_v2_backend.TestPatientAuth" name="test_request_otp_invalid[98765-4321]" time="0.045" /><testcase classname="backend.tests.test_ambyoai_v2_backend.TestPatientAuth" name="test_verify_otp_wrong_returns_401" time="0.044" /><testcase classname="backend.tests.test_ambyoai_v2_backend.TestPatientAuth" name="test_verify_otp_new_phone_patient_pending" time="0.044" /><testcase classname="backend.tests.test_ambyoai_v2_backend.TestPatientAuth" name="test_full_register_flow_and_reverify" time="0.223" /><testcase classname="backend.tests.test_ambyoai_v2_backend.TestDoctorAuth" name="test_doctor_login_ok" time="0.270" /><testcase classname="backend.tests.test_ambyoai_v2_backend.TestDoctorAuth" name="test_doctor_login_wrong_password" time="0.267" /><testcase classname="backend.tests.test_ambyoai_v2_backend.TestDoctorAuth" name="test_doctor_me" time="0.049" /><testcase classname="backend.tests.test_ambyoai_v2_backend.TestDoctorAuth" name="test_doctor_cannot_access_patient_me" time="0.043" /><testcase classname="backend.tests.test_ambyoai_v2_backend.TestConsent" name="test_consent_all_true" time="0.139" /><testcase classname="backend.tests.test_ambyoai_v2_backend.TestConsent" name="test_consent_one_false_400" time="0.084" /><testcase classname="backend.tests.test_ambyoai_v2_backend.TestConsent" name="test_consent_other_patient_403" time="0.173" /><testcase classname="backend.tests.test_ambyoai_v2_backend.TestSessionFlow" name="test_session_complete_urgent" time="0.435" /><testcase classname="backend.tests.test_ambyoai_v2_backend.TestSessionFlow" name="test_patient_session_hides_medical_findings" time="0.044" /><testcase classname="backend.tests.test_ambyoai_v2_backend.TestSessionFlow" name="test_doctor_session_includes_medical_findings" time="0.046" /><testcase classname="backend.tests.test_ambyoai_v2_backend.TestSessionFlow" name="test_patient_cannot_access_other_session" time="0.173" /><testcase classname="backend.tests.test_ambyoai_v2_backend.TestDoctorEndpoints" name="test_stats_doctor_only" time="0.048" /><testcase classname="backend.tests.test_ambyoai_v2_backend.TestDoctorEndpoints" name="test_stats_requires_doctor" time="0.046" /><testcase classname="backend.tests.test_ambyoai_v2_backend.TestDoctorEndpoints" name="test_patients_list" time="0.045" /><testcase classname="backend.tests.test_ambyoai_v2_backend.TestDoctorEndpoints" name="test_patients_filter_risk_urgent" time="0.046" /><testcase classname="backend.tests.test_ambyoai_v2_backend.TestDoctorEndpoints" name="test_patients_search_q" time="0.043" /><testcase classname="backend.tests.test_ambyoai_v2_backend.TestDoctorEndpoints" name="test_patient_detail" time="0.048" /><testcase classname="backend.tests.test_ambyoai_v2_backend.TestDoctorEndpoints" name="test_save_diagnosis_marks_reviewed" time="0.137" /><testcase classname="backend.tests.test_ambyoai_v2_backend.TestClassifierNormal" name="test_all_in_range_returns_normal" time="1.125" /></testsuite></testsuites>