<?xml version="1.0" encoding="utf-8"?><testsuites name="pytest tests"><testsuite name="pytest" errors="0" failures="0" skipped="0" tests="5" time="1.108" timestamp="2026-04-19T06:22:46.696426+00:00" hostname="agent-env-6cfb12a5-68d4-4351-8d77-74bb2ac56a05"><testcase classname="backend.tests.test_v22_smoke" name="test_doctor_login_success" time="0.427" /><testcase classname="backend.tests.test_v22_smoke" name="test_doctor_login_bad_password" time="0.273" /><testcase classname="backend.tests.test_v22_smoke" name="test_patient_request_otp" time="0.044" /><testcase classname="backend.tests.test_v22_smoke" name="test_doctor_patients_list" time="0.043" /><testcase classname="backend.tests.test_v22_smoke" name="test_doctor_patients_unauthorized" time="0.081" /></testsuite></testsuites>